<?xml version="1.0" encoding="UTF-8"?>
<testsuite xmlns:xsi="http://www.w3.org/2001/XMLSchema-instance" xsi:noNamespaceSchemaLocation="https://maven.apache.org/surefire/maven-surefire-plugin/xsd/surefire-test-report.xsd" version="3.0.2" name="com.openclassrooms.starterjwt.controllers.SessionControllerTest" time="2.77" tests="10" errors="0" skipped="0" failures="0">
  <properties>
[...]
</properties>
  <testcase name="update_shouldReturnUpdatedSession" classname="com.openclassrooms.starterjwt.controllers.SessionControllerTest" time="0.265">
    <system-out><![CDATA[2026-07-06T01:13:48.170+02:00  INFO 23036 --- [back] [           main] t.c.s.AnnotationConfigContextLoaderUtils : Could not detect default configuration classes for test class [com.openclassrooms.starterjwt.controllers.SessionControllerTest]: SessionControllerTest does not declare any static, non-private, non-final, nested classes annotated with @Configuration.
2026-07-06T01:13:48.187+02:00  INFO 23036 --- [back] [           main] .b.t.c.SpringBootTestContextBootstrapper : Found @SpringBootConfiguration com.openclassrooms.starterjwt.SpringBootSecurityJwtApplication for test class com.openclassrooms.starterjwt.controllers.SessionControllerTest

  .   ____          _            __ _ _
 /\\ / ___'_ __ _ _(_)_ __  __ _ \ \ \ \
( ( )\___ | '_ | '_| | '_ \/ _` | \ \ \ \
 \\/  ___)| |_)| | | | | || (_| |  ) ) ) )
  '  |____| .__|_| |_|_| |_\__, | / / / /
 =========|_|==============|___/=/_/_/_/

 :: Spring Boot ::                (v3.5.5)

2026-07-06T01:13:48.270+02:00  INFO 23036 --- [back] [           main] c.o.s.controllers.SessionControllerTest  : Starting SessionControllerTest using Java 21.0.11 with PID 23036 (started by Faten in C:\Faten\Dev\Formation\Projet 4\project4-exercises\back)
2026-07-06T01:13:48.271+02:00  INFO 23036 --- [back] [           main] c.o.s.controllers.SessionControllerTest  : No active profile set, falling back to 1 default profile: "default"
2026-07-06T01:13:48.529+02:00  INFO 23036 --- [back] [           main] .s.d.r.c.RepositoryConfigurationDelegate : Bootstrapping Spring Data JPA repositories in DEFAULT mode.
2026-07-06T01:13:48.562+02:00  INFO 23036 --- [back] [           main] .s.d.r.c.RepositoryConfigurationDelegate : Finished Spring Data repository scanning in 31 ms. Found 3 JPA repository interfaces.
2026-07-06T01:13:49.509+02:00  INFO 23036 --- [back] [           main] o.hibernate.jpa.internal.util.LogHelper  : HHH000204: Processing PersistenceUnitInfo [name: default]
2026-07-06T01:13:49.519+02:00  INFO 23036 --- [back] [           main] o.h.c.internal.RegionFactoryInitiator    : HHH000026: Second-level cache disabled
2026-07-06T01:13:49.548+02:00  INFO 23036 --- [back] [           main] o.s.o.j.p.SpringPersistenceUnitInfo      : No LoadTimeWeaver setup: ignoring JPA class transformer
2026-07-06T01:13:49.552+02:00  INFO 23036 --- [back] [           main] com.zaxxer.hikari.HikariDataSource       : HikariPool-2 - Starting...
2026-07-06T01:13:49.555+02:00  INFO 23036 --- [back] [           main] com.zaxxer.hikari.pool.HikariPool        : HikariPool-2 - Added connection conn10: url=jdbc:h2:mem:testdb user=SA
2026-07-06T01:13:49.557+02:00  INFO 23036 --- [back] [           main] com.zaxxer.hikari.HikariDataSource       : HikariPool-2 - Start completed.
2026-07-06T01:13:49.558+02:00  WARN 23036 --- [back] [           main] org.hibernate.orm.deprecation            : HHH90000025: H2Dialect does not need to be specified explicitly using 'hibernate.dialect' (remove the property setting and it will be selected by default)
2026-07-06T01:13:49.560+02:00  INFO 23036 --- [back] [           main] org.hibernate.orm.connections.pooling    : HHH10001005: Database info:
	Database JDBC URL [Connecting through datasource 'HikariDataSource (HikariPool-2)']
	Database driver: undefined/unknown
	Database version: 2.3.232
	Autocommit mode: undefined/unknown
	Isolation level: undefined/unknown
	Minimum pool size: undefined/unknown
	Maximum pool size: undefined/unknown
2026-07-06T01:13:49.726+02:00  INFO 23036 --- [back] [           main] o.h.e.t.j.p.i.JtaPlatformInitiator       : HHH000489: No JTA platform available (set 'hibernate.transaction.jta.platform' to enable JTA platform integration)
Hibernate: drop table if exists participate cascade 
Hibernate: drop table if exists sessions cascade 
Hibernate: drop table if exists teachers cascade 
Hibernate: drop table if exists users cascade 
Hibernate: create table participate (session_id bigint not null, user_id bigint not null)
Hibernate: create table sessions (created_at TIMESTAMP DEFAULT CURRENT_TIMESTAMP, date timestamp(6) not null, id bigint generated by default as identity, teacher_id bigint unique, updated_at TIMESTAMP DEFAULT CURRENT_TIMESTAMP, name varchar(50) not null, description varchar(2500) not null, primary key (id))
Hibernate: create table teachers (created_at TIMESTAMP DEFAULT CURRENT_TIMESTAMP, id bigint generated by default as identity, updated_at TIMESTAMP DEFAULT CURRENT_TIMESTAMP, first_name varchar(20) not null, last_name varchar(20) not null, primary key (id))
Hibernate: create table users (admin boolean not null, created_at TIMESTAMP DEFAULT CURRENT_TIMESTAMP, id bigint generated by default as identity, updated_at TIMESTAMP DEFAULT CURRENT_TIMESTAMP, first_name varchar(20) not null, last_name varchar(20) not null, email varchar(50) not null, password varchar(120) not null, primary key (id), unique (email))
Hibernate: alter table if exists participate add constraint FK9a9rfw7ta48w3s5t6unrbx4hb foreign key (user_id) references users
Hibernate: alter table if exists participate add constraint FKi0jqxh9m44wefxpda317ebs40 foreign key (session_id) references sessions
Hibernate: alter table if exists sessions add constraint FK1tfswblnr5bj6ycbfh8tn7cd0 foreign key (teacher_id) references teachers
2026-07-06T01:13:49.753+02:00  INFO 23036 --- [back] [           main] j.LocalContainerEntityManagerFactoryBean : Initialized JPA EntityManagerFactory for persistence unit 'default'
2026-07-06T01:13:49.798+02:00  INFO 23036 --- [back] [           main] eAuthenticationProviderManagerConfigurer : Global AuthenticationManager configured with AuthenticationProvider bean with name authenticationProvider
2026-07-06T01:13:49.798+02:00  WARN 23036 --- [back] [           main] r$InitializeUserDetailsManagerConfigurer : Global AuthenticationManager configured with an AuthenticationProvider bean. UserDetailsService beans will not be used by Spring Security for automatically configuring username/password login. Consider removing the AuthenticationProvider bean. Alternatively, consider using the UserDetailsService in a manually instantiated DaoAuthenticationProvider. If the current configuration is intentional, to turn off this warning, increase the logging level of 'org.springframework.security.config.annotation.authentication.configuration.InitializeUserDetailsBeanManagerConfigurer' to ERROR
2026-07-06T01:13:49.893+02:00  WARN 23036 --- [back] [           main] JpaBaseConfiguration$JpaWebConfiguration : spring.jpa.open-in-view is enabled by default. Therefore, database queries may be performed during view rendering. Explicitly configure spring.jpa.open-in-view to disable this warning
2026-07-06T01:13:50.315+02:00  INFO 23036 --- [back] [           main] o.s.b.t.m.w.SpringBootMockServletContext : Initializing Spring TestDispatcherServlet ''
2026-07-06T01:13:50.316+02:00  INFO 23036 --- [back] [           main] o.s.t.web.servlet.TestDispatcherServlet  : Initializing Servlet ''
2026-07-06T01:13:50.321+02:00  INFO 23036 --- [back] [           main] o.s.t.web.servlet.TestDispatcherServlet  : Completed initialization in 5 ms
2026-07-06T01:13:50.346+02:00  INFO 23036 --- [back] [           main] c.o.s.controllers.SessionControllerTest  : Started SessionControllerTest in 2.141 seconds (process running for 19.2)
Hibernate: select t1_0.id,t1_0.created_at,t1_0.first_name,t1_0.last_name,t1_0.updated_at from teachers t1_0 where t1_0.id=?
]]></system-out>
  </testcase>
  <testcase name="findById_shouldReturnSession" classname="com.openclassrooms.starterjwt.controllers.SessionControllerTest" time="0.034"/>
  <testcase name="findById_shouldReturn404_whenNotFound" classname="com.openclassrooms.starterjwt.controllers.SessionControllerTest" time="0.01"/>
  <testcase name="participate_shouldReturnOk" classname="com.openclassrooms.starterjwt.controllers.SessionControllerTest" time="0.019"/>
  <testcase name="create_shouldReturnCreatedSession" classname="com.openclassrooms.starterjwt.controllers.SessionControllerTest" time="0.027">
    <system-out><![CDATA[2026-07-06T01:13:50.712+02:00  INFO 23036 --- [back] [           main] c.o.s.controllers.SessionController      : SessionDto(id=null, name=New Yoga, date=Mon Jul 06 01:13:50 CEST 2026, teacher_id=1, description=Description, users=[], createdAt=null, updatedAt=null)
Hibernate: select t1_0.id,t1_0.created_at,t1_0.first_name,t1_0.last_name,t1_0.updated_at from teachers t1_0 where t1_0.id=?
2026-07-06T01:13:50.719+02:00  INFO 23036 --- [back] [           main] c.o.s.controllers.SessionController      : Session(id=null, name=New Yoga, date=Mon Jul 06 01:13:50 CEST 2026, description=Description, teacher=null, users=[], createdAt=null, updatedAt=null)
]]></system-out>
  </testcase>
  <testcase name="findAll_shouldReturnAllSessions" classname="com.openclassrooms.starterjwt.controllers.SessionControllerTest" time="0.028"/>
  <testcase name="delete_shouldReturn404_whenNotFound" classname="com.openclassrooms.starterjwt.controllers.SessionControllerTest" time="0.015"/>
  <testcase name="delete_shouldReturnOk" classname="com.openclassrooms.starterjwt.controllers.SessionControllerTest" time="0.074"/>
  <testcase name="findById_shouldReturn400_whenInvalidId" classname="com.openclassrooms.starterjwt.controllers.SessionControllerTest" time="0.03"/>
  <testcase name="unParticipate_shouldReturnOk" classname="com.openclassrooms.starterjwt.controllers.SessionControllerTest" time="0.015"/>
</testsuite>