{"C:\\Faten\\Dev\\Formation\\Projet 4\\project4-exercises\\front\\src\\app\\app.component.html": {"path":"C:\\Faten\\Dev\\Formation\\Projet 4\\project4-exercises\\front\\src\\app\\app.component.html","statementMap":{"0":{"start":{"line":1,"column":0},"end":{"line":1,"column":818}}},"fnMap":{},"branchMap":{},"s":{"0":1},"f":{},"b":{},"_coverageSchema":"1a1c01bbd47fc00a2c39e90264f33305004495a9","hash":"5bab3cf7058bba1b3625ecff84d644d579677195"}
,"C:\\Faten\\Dev\\Formation\\Projet 4\\project4-exercises\\front\\src\\app\\app.component.ts": {"path":"C:\\Faten\\Dev\\Formation\\Projet 4\\project4-exercises\\front\\src\\app\\app.component.ts","statementMap":{"0":{"start":{"line":1,"column":0},"end":{"line":1,"column":58}},"1":{"start":{"line":2,"column":0},"end":{"line":2,"column":67}},"2":{"start":{"line":4,"column":0},"end":{"line":4,"column":58}},"3":{"start":{"line":5,"column":0},"end":{"line":5,"column":64}},"4":{"start":{"line":6,"column":0},"end":{"line":6,"column":45}},"5":{"start":{"line":7,"column":0},"end":{"line":7,"column":56}},"6":{"start":{"line":15,"column":7},"end":{"line":28,"column":null}},"7":{"start":{"line":16,"column":10},"end":{"line":16,"column":44}},"8":{"start":{"line":17,"column":10},"end":{"line":17,"column":34}},"9":{"start":{"line":18,"column":10},"end":{"line":18,"column":50}},"10":{"start":{"line":21,"column":4},"end":{"line":21,"column":43}},"11":{"start":{"line":25,"column":4},"end":{"line":25,"column":33}},"12":{"start":{"line":26,"column":4},"end":{"line":26,"column":null}},"13":{"start":{"line":15,"column":13},"end":{"line":15,"column":25}},"14":{"start":{"line":15,"column":13},"end":{"line":28,"column":null}}},"fnMap":{"0":{"name":"(anonymous_0)","decl":{"start":{"line":15,"column":7},"end":{"line":15,"column":13}},"loc":{"start":{"line":15,"column":7},"end":{"line":28,"column":1}}},"1":{"name":"(anonymous_1)","decl":{"start":{"line":20,"column":9},"end":{"line":20,"column":18}},"loc":{"start":{"line":20,"column":18},"end":{"line":22,"column":3}}},"2":{"name":"(anonymous_2)","decl":{"start":{"line":24,"column":9},"end":{"line":24,"column":15}},"loc":{"start":{"line":24,"column":15},"end":{"line":27,"column":3}}}},"branchMap":{},"s":{"0":1,"1":1,"2":1,"3":1,"4":1,"5":1,"6":1,"7":1,"8":1,"9":1,"10":0,"11":0,"12":0,"13":1,"14":1},"f":{"0":1,"1":0,"2":0},"b":{}}
,"C:\\Faten\\Dev\\Formation\\Projet 4\\project4-exercises\\front\\src\\app\\components\\me\\me.component.html": {"path":"C:\\Faten\\Dev\\Formation\\Projet 4\\project4-exercises\\front\\src\\app\\components\\me\\me.component.html","statementMap":{"0":{"start":{"line":1,"column":0},"end":{"line":1,"column":1406}}},"fnMap":{},"branchMap":{},"s":{"0":2},"f":{},"b":{},"_coverageSchema":"1a1c01bbd47fc00a2c39e90264f33305004495a9","hash":"672e07507f26eaf4c74da3e1e7f6d5f5783981ff"}
,"C:\\Faten\\Dev\\Formation\\Projet 4\\project4-exercises\\front\\src\\app\\components\\me\\me.component.ts": {"path":"C:\\Faten\\Dev\\Formation\\Projet 4\\project4-exercises\\front\\src\\app\\components\\me\\me.component.ts","statementMap":{"0":{"start":{"line":1,"column":0},"end":{"line":1,"column":70}},"1":{"start":{"line":2,"column":0},"end":{"line":2,"column":58}},"2":{"start":{"line":3,"column":0},"end":{"line":3,"column":41}},"3":{"start":{"line":5,"column":0},"end":{"line":5,"column":68}},"4":{"start":{"line":6,"column":0},"end":{"line":6,"column":62}},"5":{"start":{"line":7,"column":0},"end":{"line":7,"column":62}},"6":{"start":{"line":8,"column":0},"end":{"line":8,"column":47}},"7":{"start":{"line":9,"column":0},"end":{"line":9,"column":64}},"8":{"start":{"line":17,"column":7},"end":{"line":48,"column":null}},"9":{"start":{"line":18,"column":10},"end":{"line":18,"column":34}},"10":{"start":{"line":19,"column":10},"end":{"line":19,"column":50}},"11":{"start":{"line":20,"column":10},"end":{"line":20,"column":44}},"12":{"start":{"line":21,"column":10},"end":{"line":21,"column":44}},"13":{"start":{"line":23,"column":10},"end":{"line":23,"column":42}},"14":{"start":{"line":26,"column":4},"end":{"line":29,"column":53}},"15":{"start":{"line":29,"column":34},"end":{"line":29,"column":50}},"16":{"start":{"line":33,"column":4},"end":{"line":33,"column":26}},"17":{"start":{"line":37,"column":4},"end":{"line":46,"column":9}},"18":{"start":{"line":41,"column":8},"end":{"line":43,"column":11}},"19":{"start":{"line":44,"column":8},"end":{"line":44,"column":37}},"20":{"start":{"line":45,"column":8},"end":{"line":45,"column":36}},"21":{"start":{"line":17,"column":13},"end":{"line":17,"column":24}},"22":{"start":{"line":17,"column":13},"end":{"line":48,"column":null}}},"fnMap":{"0":{"name":"(anonymous_0)","decl":{"start":{"line":17,"column":7},"end":{"line":17,"column":13}},"loc":{"start":{"line":17,"column":7},"end":{"line":48,"column":1}}},"1":{"name":"(anonymous_1)","decl":{"start":{"line":25,"column":2},"end":{"line":25,"column":10}},"loc":{"start":{"line":25,"column":10},"end":{"line":30,"column":3}}},"2":{"name":"(anonymous_2)","decl":{"start":{"line":29,"column":17},"end":{"line":29,"column":18}},"loc":{"start":{"line":29,"column":34},"end":{"line":29,"column":50}}},"3":{"name":"(anonymous_3)","decl":{"start":{"line":32,"column":9},"end":{"line":32,"column":13}},"loc":{"start":{"line":32,"column":13},"end":{"line":34,"column":3}}},"4":{"name":"(anonymous_4)","decl":{"start":{"line":36,"column":9},"end":{"line":36,"column":15}},"loc":{"start":{"line":36,"column":15},"end":{"line":47,"column":3}}},"5":{"name":"(anonymous_5)","decl":{"start":{"line":40,"column":17},"end":{"line":40,"column":18}},"loc":{"start":{"line":40,"column":23},"end":{"line":46,"column":7}}}},"branchMap":{},"s":{"0":2,"1":2,"2":2,"3":2,"4":2,"5":2,"6":2,"7":2,"8":2,"9":6,"10":6,"11":6,"12":6,"13":6,"14":7,"15":7,"16":1,"17":2,"18":2,"19":2,"20":2,"21":2,"22":2},"f":{"0":6,"1":7,"2":7,"3":1,"4":2,"5":2},"b":{}}
,"C:\\Faten\\Dev\\Formation\\Projet 4\\project4-exercises\\front\\src\\app\\core\\service\\auth.service.ts": {"path":"C:\\Faten\\Dev\\Formation\\Projet 4\\project4-exercises\\front\\src\\app\\core\\service\\auth.service.ts","statementMap":{"0":{"start":{"line":1,"column":0},"end":{"line":1,"column":50}},"1":{"start":{"line":2,"column":0},"end":{"line":2,"column":43}},"2":{"start":{"line":15,"column":22},"end":{"line":15,"column":34}},"3":{"start":{"line":13,"column":10},"end":{"line":13,"column":36}},"4":{"start":{"line":18,"column":4},"end":{"line":18,"column":87}},"5":{"start":{"line":22,"column":4},"end":{"line":22,"column":95}},"6":{"start":{"line":11,"column":13},"end":{"line":11,"column":24}},"7":{"start":{"line":11,"column":13},"end":{"line":24,"column":null}}},"fnMap":{"0":{"name":"(anonymous_0)","decl":{"start":{"line":15,"column":2},"end":{"line":15,"column":22}},"loc":{"start":{"line":15,"column":44},"end":{"line":15,"column":49}}},"1":{"name":"(anonymous_1)","decl":{"start":{"line":17,"column":9},"end":{"line":17,"column":17}},"loc":{"start":{"line":17,"column":50},"end":{"line":19,"column":3}}},"2":{"name":"(anonymous_2)","decl":{"start":{"line":21,"column":9},"end":{"line":21,"column":14}},"loc":{"start":{"line":21,"column":41},"end":{"line":23,"column":3}}}},"branchMap":{},"s":{"0":6,"1":6,"2":8,"3":8,"4":3,"5":3,"6":6,"7":6},"f":{"0":8,"1":3,"2":3},"b":{}}
,"C:\\Faten\\Dev\\Formation\\Projet 4\\project4-exercises\\front\\src\\app\\core\\service\\session-api.service.ts": {"path":"C:\\Faten\\Dev\\Formation\\Projet 4\\project4-exercises\\front\\src\\app\\core\\service\\session-api.service.ts","statementMap":{"0":{"start":{"line":1,"column":0},"end":{"line":1,"column":50}},"1":{"start":{"line":2,"column":0},"end":{"line":2,"column":43}},"2":{"start":{"line":12,"column":22},"end":{"line":12,"column":34}},"3":{"start":{"line":10,"column":10},"end":{"line":10,"column":38}},"4":{"start":{"line":15,"column":4},"end":{"line":15,"column":60}},"5":{"start":{"line":19,"column":4},"end":{"line":19,"column":69}},"6":{"start":{"line":23,"column":4},"end":{"line":23,"column":69}},"7":{"start":{"line":27,"column":4},"end":{"line":27,"column":68}},"8":{"start":{"line":31,"column":4},"end":{"line":31,"column":78}},"9":{"start":{"line":35,"column":4},"end":{"line":38,"column":6}},"10":{"start":{"line":42,"column":4},"end":{"line":44,"column":6}},"11":{"start":{"line":9,"column":13},"end":{"line":9,"column":30}},"12":{"start":{"line":9,"column":13},"end":{"line":46,"column":null}}},"fnMap":{"0":{"name":"(anonymous_0)","decl":{"start":{"line":12,"column":2},"end":{"line":12,"column":22}},"loc":{"start":{"line":12,"column":44},"end":{"line":12,"column":48}}},"1":{"name":"(anonymous_1)","decl":{"start":{"line":14,"column":9},"end":{"line":14,"column":12}},"loc":{"start":{"line":14,"column":12},"end":{"line":16,"column":3}}},"2":{"name":"(anonymous_2)","decl":{"start":{"line":18,"column":9},"end":{"line":18,"column":15}},"loc":{"start":{"line":18,"column":26},"end":{"line":20,"column":3}}},"3":{"name":"(anonymous_3)","decl":{"start":{"line":22,"column":9},"end":{"line":22,"column":15}},"loc":{"start":{"line":22,"column":26},"end":{"line":24,"column":3}}},"4":{"name":"(anonymous_4)","decl":{"start":{"line":26,"column":9},"end":{"line":26,"column":15}},"loc":{"start":{"line":26,"column":32},"end":{"line":28,"column":3}}},"5":{"name":"(anonymous_5)","decl":{"start":{"line":30,"column":9},"end":{"line":30,"column":15}},"loc":{"start":{"line":30,"column":44},"end":{"line":32,"column":3}}},"6":{"name":"(anonymous_6)","decl":{"start":{"line":34,"column":9},"end":{"line":34,"column":20}},"loc":{"start":{"line":34,"column":47},"end":{"line":39,"column":3}}},"7":{"name":"(anonymous_7)","decl":{"start":{"line":41,"column":9},"end":{"line":41,"column":22}},"loc":{"start":{"line":41,"column":49},"end":{"line":45,"column":3}}}},"branchMap":{},"s":{"0":7,"1":7,"2":18,"3":18,"4":3,"5":9,"6":2,"7":2,"8":2,"9":2,"10":2,"11":7,"12":7},"f":{"0":18,"1":3,"2":9,"3":2,"4":2,"5":2,"6":2,"7":2},"b":{}}
,"C:\\Faten\\Dev\\Formation\\Projet 4\\project4-exercises\\front\\src\\app\\core\\service\\session.service.ts": {"path":"C:\\Faten\\Dev\\Formation\\Projet 4\\project4-exercises\\front\\src\\app\\core\\service\\session.service.ts","statementMap":{"0":{"start":{"line":1,"column":0},"end":{"line":1,"column":43}},"1":{"start":{"line":2,"column":0},"end":{"line":2,"column":51}},"2":{"start":{"line":8,"column":7},"end":{"line":34,"column":null}},"3":{"start":{"line":10,"column":9},"end":{"line":10,"column":26}},"4":{"start":{"line":13,"column":10},"end":{"line":13,"column":72}},"5":{"start":{"line":16,"column":4},"end":{"line":16,"column":47}},"6":{"start":{"line":20,"column":4},"end":{"line":20,"column":35}},"7":{"start":{"line":21,"column":4},"end":{"line":21,"column":25}},"8":{"start":{"line":22,"column":4},"end":{"line":22,"column":16}},"9":{"start":{"line":26,"column":4},"end":{"line":26,"column":40}},"10":{"start":{"line":27,"column":4},"end":{"line":27,"column":26}},"11":{"start":{"line":28,"column":4},"end":{"line":28,"column":16}},"12":{"start":{"line":32,"column":4},"end":{"line":32,"column":45}},"13":{"start":{"line":8,"column":13},"end":{"line":8,"column":27}},"14":{"start":{"line":8,"column":13},"end":{"line":34,"column":null}}},"fnMap":{"0":{"name":"(anonymous_0)","decl":{"start":{"line":8,"column":7},"end":{"line":8,"column":13}},"loc":{"start":{"line":8,"column":7},"end":{"line":34,"column":1}}},"1":{"name":"(anonymous_1)","decl":{"start":{"line":15,"column":9},"end":{"line":15,"column":18}},"loc":{"start":{"line":15,"column":18},"end":{"line":17,"column":3}}},"2":{"name":"(anonymous_2)","decl":{"start":{"line":19,"column":9},"end":{"line":19,"column":14}},"loc":{"start":{"line":19,"column":39},"end":{"line":23,"column":3}}},"3":{"name":"(anonymous_3)","decl":{"start":{"line":25,"column":9},"end":{"line":25,"column":15}},"loc":{"start":{"line":25,"column":15},"end":{"line":29,"column":3}}},"4":{"name":"(anonymous_4)","decl":{"start":{"line":31,"column":10},"end":{"line":31,"column":14}},"loc":{"start":{"line":31,"column":14},"end":{"line":33,"column":3}}}},"branchMap":{},"s":{"0":18,"1":18,"2":18,"3":31,"4":31,"5":1,"6":25,"7":25,"8":25,"9":8,"10":8,"11":8,"12":33,"13":18,"14":18},"f":{"0":31,"1":1,"2":25,"3":8,"4":33},"b":{}}
,"C:\\Faten\\Dev\\Formation\\Projet 4\\project4-exercises\\front\\src\\app\\core\\service\\teacher.service.ts": {"path":"C:\\Faten\\Dev\\Formation\\Projet 4\\project4-exercises\\front\\src\\app\\core\\service\\teacher.service.ts","statementMap":{"0":{"start":{"line":1,"column":0},"end":{"line":1,"column":50}},"1":{"start":{"line":2,"column":0},"end":{"line":2,"column":43}},"2":{"start":{"line":13,"column":22},"end":{"line":13,"column":34}},"3":{"start":{"line":11,"column":10},"end":{"line":11,"column":38}},"4":{"start":{"line":16,"column":4},"end":{"line":16,"column":60}},"5":{"start":{"line":20,"column":4},"end":{"line":20,"column":69}},"6":{"start":{"line":9,"column":13},"end":{"line":9,"column":27}},"7":{"start":{"line":9,"column":13},"end":{"line":22,"column":null}}},"fnMap":{"0":{"name":"(anonymous_0)","decl":{"start":{"line":13,"column":2},"end":{"line":13,"column":22}},"loc":{"start":{"line":13,"column":44},"end":{"line":13,"column":49}}},"1":{"name":"(anonymous_1)","decl":{"start":{"line":15,"column":9},"end":{"line":15,"column":12}},"loc":{"start":{"line":15,"column":12},"end":{"line":17,"column":3}}},"2":{"name":"(anonymous_2)","decl":{"start":{"line":19,"column":9},"end":{"line":19,"column":15}},"loc":{"start":{"line":19,"column":26},"end":{"line":21,"column":3}}}},"branchMap":{},"s":{"0":5,"1":5,"2":11,"3":11,"4":4,"5":8,"6":5,"7":5},"f":{"0":11,"1":4,"2":8},"b":{}}
,"C:\\Faten\\Dev\\Formation\\Projet 4\\project4-exercises\\front\\src\\app\\core\\service\\user.service.ts": {"path":"C:\\Faten\\Dev\\Formation\\Projet 4\\project4-exercises\\front\\src\\app\\core\\service\\user.service.ts","statementMap":{"0":{"start":{"line":1,"column":0},"end":{"line":1,"column":50}},"1":{"start":{"line":2,"column":0},"end":{"line":2,"column":43}},"2":{"start":{"line":12,"column":22},"end":{"line":12,"column":34}},"3":{"start":{"line":10,"column":10},"end":{"line":10,"column":35}},"4":{"start":{"line":15,"column":4},"end":{"line":15,"column":66}},"5":{"start":{"line":19,"column":4},"end":{"line":19,"column":69}},"6":{"start":{"line":9,"column":13},"end":{"line":9,"column":24}},"7":{"start":{"line":9,"column":13},"end":{"line":21,"column":null}}},"fnMap":{"0":{"name":"(anonymous_0)","decl":{"start":{"line":12,"column":2},"end":{"line":12,"column":22}},"loc":{"start":{"line":12,"column":44},"end":{"line":12,"column":48}}},"1":{"name":"(anonymous_1)","decl":{"start":{"line":14,"column":9},"end":{"line":14,"column":16}},"loc":{"start":{"line":14,"column":27},"end":{"line":16,"column":3}}},"2":{"name":"(anonymous_2)","decl":{"start":{"line":18,"column":9},"end":{"line":18,"column":15}},"loc":{"start":{"line":18,"column":26},"end":{"line":20,"column":3}}}},"branchMap":{},"s":{"0":3,"1":3,"2":5,"3":5,"4":3,"5":2,"6":3,"7":3},"f":{"0":5,"1":3,"2":2},"b":{}}
,"C:\\Faten\\Dev\\Formation\\Projet 4\\project4-exercises\\front\\src\\app\\guards\\auth.guard.ts": {"path":"C:\\Faten\\Dev\\Formation\\Projet 4\\project4-exercises\\front\\src\\app\\guards\\auth.guard.ts","statementMap":{"0":{"start":{"line":1,"column":0},"end":{"line":1,"column":41}},"1":{"start":{"line":2,"column":0},"end":{"line":2,"column":52}},"2":{"start":{"line":3,"column":0},"end":{"line":3,"column":65}},"3":{"start":{"line":9,"column":12},"end":{"line":9,"column":20}},"4":{"start":{"line":10,"column":12},"end":{"line":10,"column":28}},"5":{"start":{"line":15,"column":4},"end":{"line":18,"column":5}},"6":{"start":{"line":16,"column":6},"end":{"line":16,"column":38}},"7":{"start":{"line":17,"column":6},"end":{"line":17,"column":19}},"8":{"start":{"line":19,"column":4},"end":{"line":19,"column":16}},"9":{"start":{"line":6,"column":13},"end":{"line":6,"column":22}},"10":{"start":{"line":6,"column":13},"end":{"line":21,"column":null}}},"fnMap":{"0":{"name":"(anonymous_0)","decl":{"start":{"line":8,"column":2},"end":{"line":8,"column":null}},"loc":{"start":{"line":10,"column":42},"end":{"line":12,"column":3}}},"1":{"name":"(anonymous_1)","decl":{"start":{"line":14,"column":9},"end":{"line":14,"column":20}},"loc":{"start":{"line":14,"column":20},"end":{"line":20,"column":3}}}},"branchMap":{"0":{"loc":{"start":{"line":15,"column":4},"end":{"line":18,"column":5}},"type":"if","locations":[{"start":{"line":15,"column":4},"end":{"line":18,"column":5}}]}},"s":{"0":2,"1":2,"2":2,"3":6,"4":6,"5":6,"6":3,"7":3,"8":3,"9":2,"10":2},"f":{"0":6,"1":6},"b":{"0":[3]}}
,"C:\\Faten\\Dev\\Formation\\Projet 4\\project4-exercises\\front\\src\\app\\guards\\unauth.guard.ts": {"path":"C:\\Faten\\Dev\\Formation\\Projet 4\\project4-exercises\\front\\src\\app\\guards\\unauth.guard.ts","statementMap":{"0":{"start":{"line":1,"column":0},"end":{"line":1,"column":41}},"1":{"start":{"line":2,"column":0},"end":{"line":2,"column":52}},"2":{"start":{"line":3,"column":0},"end":{"line":3,"column":65}},"3":{"start":{"line":9,"column":12},"end":{"line":9,"column":20}},"4":{"start":{"line":10,"column":12},"end":{"line":10,"column":28}},"5":{"start":{"line":15,"column":4},"end":{"line":18,"column":5}},"6":{"start":{"line":16,"column":6},"end":{"line":16,"column":40}},"7":{"start":{"line":17,"column":6},"end":{"line":17,"column":19}},"8":{"start":{"line":19,"column":4},"end":{"line":19,"column":16}},"9":{"start":{"line":6,"column":13},"end":{"line":6,"column":24}},"10":{"start":{"line":6,"column":13},"end":{"line":21,"column":null}}},"fnMap":{"0":{"name":"(anonymous_0)","decl":{"start":{"line":8,"column":2},"end":{"line":8,"column":null}},"loc":{"start":{"line":10,"column":42},"end":{"line":12,"column":3}}},"1":{"name":"(anonymous_1)","decl":{"start":{"line":14,"column":9},"end":{"line":14,"column":20}},"loc":{"start":{"line":14,"column":20},"end":{"line":20,"column":3}}}},"branchMap":{"0":{"loc":{"start":{"line":15,"column":4},"end":{"line":18,"column":5}},"type":"if","locations":[{"start":{"line":15,"column":4},"end":{"line":18,"column":5}}]}},"s":{"0":2,"1":2,"2":2,"3":7,"4":7,"5":8,"6":3,"7":3,"8":5,"9":2,"10":2},"f":{"0":7,"1":8},"b":{"0":[3]}}
,"C:\\Faten\\Dev\\Formation\\Projet 4\\project4-exercises\\front\\src\\app\\interceptors\\customJwtInterceptorFn.ts": {"path":"C:\\Faten\\Dev\\Formation\\Projet 4\\project4-exercises\\front\\src\\app\\interceptors\\customJwtInterceptorFn.ts","statementMap":{"0":{"start":{"line":6,"column":0},"end":{"line":6,"column":16}},"1":{"start":{"line":3,"column":0},"end":{"line":3,"column":65}},"2":{"start":{"line":4,"column":0},"end":{"line":4,"column":39}},"3":{"start":{"line":7,"column":25},"end":{"line":7,"column":47}},"4":{"start":{"line":8,"column":2},"end":{"line":14,"column":3}},"5":{"start":{"line":9,"column":4},"end":{"line":13,"column":7}},"6":{"start":{"line":15,"column":2},"end":{"line":15,"column":23}}},"fnMap":{"0":{"name":"customJwtInterceptorFn","decl":{"start":{"line":6,"column":16},"end":{"line":6,"column":38}},"loc":{"start":{"line":6,"column":89},"end":{"line":16,"column":1}}}},"branchMap":{"0":{"loc":{"start":{"line":8,"column":2},"end":{"line":14,"column":3}},"type":"if","locations":[{"start":{"line":8,"column":2},"end":{"line":14,"column":3}}]}},"s":{"0":2,"1":2,"2":2,"3":6,"4":6,"5":3,"6":6},"f":{"0":6},"b":{"0":[3]}}
,"C:\\Faten\\Dev\\Formation\\Projet 4\\project4-exercises\\front\\src\\app\\pages\\login\\login.component.html": {"path":"C:\\Faten\\Dev\\Formation\\Projet 4\\project4-exercises\\front\\src\\app\\pages\\login\\login.component.html","statementMap":{"0":{"start":{"line":1,"column":0},"end":{"line":1,"column":1456}}},"fnMap":{},"branchMap":{},"s":{"0":2},"f":{},"b":{},"_coverageSchema":"1a1c01bbd47fc00a2c39e90264f33305004495a9","hash":"ab742c71ee2454723ddbe6ffa0e3cb9e6ccb9dcb"}
,"C:\\Faten\\Dev\\Formation\\Projet 4\\project4-exercises\\front\\src\\app\\pages\\login\\login.component.ts": {"path":"C:\\Faten\\Dev\\Formation\\Projet 4\\project4-exercises\\front\\src\\app\\pages\\login\\login.component.ts","statementMap":{"0":{"start":{"line":1,"column":0},"end":{"line":1,"column":62}},"1":{"start":{"line":2,"column":0},"end":{"line":2,"column":57}},"2":{"start":{"line":3,"column":0},"end":{"line":3,"column":41}},"3":{"start":{"line":5,"column":0},"end":{"line":5,"column":70}},"4":{"start":{"line":7,"column":0},"end":{"line":7,"column":62}},"5":{"start":{"line":8,"column":0},"end":{"line":8,"column":62}},"6":{"start":{"line":9,"column":0},"end":{"line":9,"column":47}},"7":{"start":{"line":10,"column":0},"end":{"line":10,"column":64}},"8":{"start":{"line":18,"column":7},"end":{"line":46,"column":null}},"9":{"start":{"line":19,"column":10},"end":{"line":19,"column":42}},"10":{"start":{"line":20,"column":10},"end":{"line":20,"column":44}},"11":{"start":{"line":21,"column":10},"end":{"line":21,"column":35}},"12":{"start":{"line":22,"column":10},"end":{"line":22,"column":34}},"13":{"start":{"line":23,"column":10},"end":{"line":23,"column":50}},"14":{"start":{"line":25,"column":9},"end":{"line":25,"column":21}},"15":{"start":{"line":26,"column":9},"end":{"line":26,"column":25}},"16":{"start":{"line":28,"column":9},"end":{"line":31,"column":5}},"17":{"start":{"line":34,"column":25},"end":{"line":34,"column":56}},"18":{"start":{"line":35,"column":4},"end":{"line":44,"column":9}},"19":{"start":{"line":40,"column":10},"end":{"line":40,"column":46}},"20":{"start":{"line":41,"column":10},"end":{"line":41,"column":46}},"21":{"start":{"line":43,"column":27},"end":{"line":43,"column":46}},"22":{"start":{"line":18,"column":13},"end":{"line":18,"column":27}},"23":{"start":{"line":18,"column":13},"end":{"line":46,"column":null}}},"fnMap":{"0":{"name":"(anonymous_0)","decl":{"start":{"line":18,"column":7},"end":{"line":18,"column":13}},"loc":{"start":{"line":18,"column":7},"end":{"line":46,"column":1}}},"1":{"name":"(anonymous_1)","decl":{"start":{"line":33,"column":9},"end":{"line":33,"column":15}},"loc":{"start":{"line":33,"column":15},"end":{"line":45,"column":3}}},"2":{"name":"(anonymous_2)","decl":{"start":{"line":39,"column":14},"end":{"line":39,"column":15}},"loc":{"start":{"line":39,"column":47},"end":{"line":42,"column":9}}},"3":{"name":"(anonymous_3)","decl":{"start":{"line":43,"column":15},"end":{"line":43,"column":16}},"loc":{"start":{"line":43,"column":27},"end":{"line":43,"column":46}}}},"branchMap":{},"s":{"0":2,"1":2,"2":2,"3":2,"4":2,"5":2,"6":2,"7":2,"8":2,"9":6,"10":6,"11":6,"12":6,"13":6,"14":6,"15":6,"16":6,"17":4,"18":4,"19":2,"20":2,"21":2,"22":2,"23":2},"f":{"0":6,"1":4,"2":2,"3":2},"b":{}}
,"C:\\Faten\\Dev\\Formation\\Projet 4\\project4-exercises\\front\\src\\app\\pages\\not-found\\not-found.component.html": {"path":"C:\\Faten\\Dev\\Formation\\Projet 4\\project4-exercises\\front\\src\\app\\pages\\not-found\\not-found.component.html","statementMap":{"0":{"start":{"line":1,"column":0},"end":{"line":1,"column":103}}},"fnMap":{},"branchMap":{},"s":{"0":1},"f":{},"b":{},"_coverageSchema":"1a1c01bbd47fc00a2c39e90264f33305004495a9","hash":"539b7e0393b5cf0111973e6046664952a6fce090"}
,"C:\\Faten\\Dev\\Formation\\Projet 4\\project4-exercises\\front\\src\\app\\pages\\not-found\\not-found.component.ts": {"path":"C:\\Faten\\Dev\\Formation\\Projet 4\\project4-exercises\\front\\src\\app\\pages\\not-found\\not-found.component.ts","statementMap":{"0":{"start":{"line":1,"column":0},"end":{"line":1,"column":42}},"1":{"start":{"line":8,"column":7},"end":{"line":9,"column":null}},"2":{"start":{"line":8,"column":13},"end":{"line":8,"column":30}},"3":{"start":{"line":8,"column":13},"end":{"line":9,"column":null}}},"fnMap":{},"branchMap":{},"s":{"0":1,"1":1,"2":1,"3":1},"f":{},"b":{}}
,"C:\\Faten\\Dev\\Formation\\Projet 4\\project4-exercises\\front\\src\\app\\pages\\register\\register.component.html": {"path":"C:\\Faten\\Dev\\Formation\\Projet 4\\project4-exercises\\front\\src\\app\\pages\\register\\register.component.html","statementMap":{"0":{"start":{"line":1,"column":0},"end":{"line":1,"column":1389}}},"fnMap":{},"branchMap":{},"s":{"0":2},"f":{},"b":{},"_coverageSchema":"1a1c01bbd47fc00a2c39e90264f33305004495a9","hash":"f6b1a3eee5d7a6d5db93a47fda53f35e1954ab31"}
,"C:\\Faten\\Dev\\Formation\\Projet 4\\project4-exercises\\front\\src\\app\\pages\\register\\register.component.ts": {"path":"C:\\Faten\\Dev\\Formation\\Projet 4\\project4-exercises\\front\\src\\app\\pages\\register\\register.component.ts","statementMap":{"0":{"start":{"line":1,"column":0},"end":{"line":1,"column":62}},"1":{"start":{"line":2,"column":0},"end":{"line":2,"column":57}},"2":{"start":{"line":3,"column":0},"end":{"line":3,"column":41}},"3":{"start":{"line":4,"column":0},"end":{"line":4,"column":62}},"4":{"start":{"line":6,"column":0},"end":{"line":6,"column":62}},"5":{"start":{"line":7,"column":0},"end":{"line":7,"column":47}},"6":{"start":{"line":8,"column":0},"end":{"line":8,"column":64}},"7":{"start":{"line":15,"column":7},"end":{"line":48,"column":null}},"8":{"start":{"line":16,"column":10},"end":{"line":16,"column":44}},"9":{"start":{"line":17,"column":10},"end":{"line":17,"column":35}},"10":{"start":{"line":18,"column":10},"end":{"line":18,"column":34}},"11":{"start":{"line":19,"column":9},"end":{"line":19,"column":25}},"12":{"start":{"line":20,"column":10},"end":{"line":20,"column":42}},"13":{"start":{"line":22,"column":9},"end":{"line":36,"column":5}},"14":{"start":{"line":39,"column":28},"end":{"line":39,"column":62}},"15":{"start":{"line":40,"column":4},"end":{"line":46,"column":9}},"16":{"start":{"line":44,"column":27},"end":{"line":44,"column":59}},"17":{"start":{"line":45,"column":23},"end":{"line":45,"column":42}},"18":{"start":{"line":15,"column":13},"end":{"line":15,"column":30}},"19":{"start":{"line":15,"column":13},"end":{"line":48,"column":null}}},"fnMap":{"0":{"name":"(anonymous_0)","decl":{"start":{"line":15,"column":7},"end":{"line":15,"column":13}},"loc":{"start":{"line":15,"column":7},"end":{"line":48,"column":1}}},"1":{"name":"(anonymous_1)","decl":{"start":{"line":38,"column":9},"end":{"line":38,"column":15}},"loc":{"start":{"line":38,"column":15},"end":{"line":47,"column":3}}},"2":{"name":"(anonymous_2)","decl":{"start":{"line":44,"column":14},"end":{"line":44,"column":15}},"loc":{"start":{"line":44,"column":27},"end":{"line":44,"column":59}}},"3":{"name":"(anonymous_3)","decl":{"start":{"line":45,"column":15},"end":{"line":45,"column":16}},"loc":{"start":{"line":45,"column":23},"end":{"line":45,"column":42}}}},"branchMap":{},"s":{"0":2,"1":2,"2":2,"3":2,"4":2,"5":2,"6":2,"7":2,"8":6,"9":6,"10":6,"11":6,"12":6,"13":6,"14":4,"15":4,"16":2,"17":2,"18":2,"19":2},"f":{"0":6,"1":4,"2":2,"3":2},"b":{}}
,"C:\\Faten\\Dev\\Formation\\Projet 4\\project4-exercises\\front\\src\\app\\pages\\sessions\\components\\detail\\detail.component.html": {"path":"C:\\Faten\\Dev\\Formation\\Projet 4\\project4-exercises\\front\\src\\app\\pages\\sessions\\components\\detail\\detail.component.html","statementMap":{"0":{"start":{"line":1,"column":0},"end":{"line":1,"column":3421}}},"fnMap":{},"branchMap":{},"s":{"0":2},"f":{},"b":{},"_coverageSchema":"1a1c01bbd47fc00a2c39e90264f33305004495a9","hash":"18fb5e1665ff539367b87fb2caae7827a18a2754"}
,"C:\\Faten\\Dev\\Formation\\Projet 4\\project4-exercises\\front\\src\\app\\pages\\sessions\\components\\detail\\detail.component.ts": {"path":"C:\\Faten\\Dev\\Formation\\Projet 4\\project4-exercises\\front\\src\\app\\pages\\sessions\\components\\detail\\detail.component.ts","statementMap":{"0":{"start":{"line":1,"column":0},"end":{"line":1,"column":70}},"1":{"start":{"line":2,"column":0},"end":{"line":2,"column":45}},"2":{"start":{"line":3,"column":0},"end":{"line":3,"column":58}},"3":{"start":{"line":4,"column":0},"end":{"line":4,"column":57}},"4":{"start":{"line":6,"column":0},"end":{"line":6,"column":74}},"5":{"start":{"line":7,"column":0},"end":{"line":7,"column":74}},"6":{"start":{"line":9,"column":0},"end":{"line":9,"column":81}},"7":{"start":{"line":10,"column":0},"end":{"line":10,"column":68}},"8":{"start":{"line":11,"column":0},"end":{"line":11,"column":47}},"9":{"start":{"line":12,"column":0},"end":{"line":12,"column":64}},"10":{"start":{"line":23,"column":9},"end":{"line":23,"column":31}},"11":{"start":{"line":24,"column":9},"end":{"line":24,"column":25}},"12":{"start":{"line":27,"column":10},"end":{"line":27,"column":42}},"13":{"start":{"line":29,"column":10},"end":{"line":29,"column":41}},"14":{"start":{"line":30,"column":10},"end":{"line":30,"column":35}},"15":{"start":{"line":31,"column":10},"end":{"line":31,"column":50}},"16":{"start":{"line":32,"column":10},"end":{"line":32,"column":56}},"17":{"start":{"line":33,"column":10},"end":{"line":33,"column":50}},"18":{"start":{"line":34,"column":10},"end":{"line":34,"column":44}},"19":{"start":{"line":35,"column":10},"end":{"line":35,"column":34}},"20":{"start":{"line":38,"column":4},"end":{"line":38,"column":61}},"21":{"start":{"line":39,"column":4},"end":{"line":39,"column":65}},"22":{"start":{"line":40,"column":4},"end":{"line":40,"column":72}},"23":{"start":{"line":44,"column":4},"end":{"line":44,"column":24}},"24":{"start":{"line":48,"column":4},"end":{"line":48,"column":26}},"25":{"start":{"line":52,"column":4},"end":{"line":58,"column":9}},"26":{"start":{"line":56,"column":8},"end":{"line":56,"column":80}},"27":{"start":{"line":57,"column":8},"end":{"line":57,"column":43}},"28":{"start":{"line":62,"column":4},"end":{"line":65,"column":51}},"29":{"start":{"line":65,"column":30},"end":{"line":65,"column":49}},"30":{"start":{"line":69,"column":4},"end":{"line":72,"column":51}},"31":{"start":{"line":72,"column":30},"end":{"line":72,"column":49}},"32":{"start":{"line":76,"column":4},"end":{"line":88,"column":9}},"33":{"start":{"line":80,"column":8},"end":{"line":80,"column":31}},"34":{"start":{"line":81,"column":8},"end":{"line":83,"column":10}},"35":{"start":{"line":82,"column":17},"end":{"line":82,"column":65}},"36":{"start":{"line":84,"column":8},"end":{"line":87,"column":69}},"37":{"start":{"line":87,"column":44},"end":{"line":87,"column":66}},"38":{"start":{"line":20,"column":13},"end":{"line":20,"column":28}},"39":{"start":{"line":20,"column":13},"end":{"line":90,"column":null}}},"fnMap":{"0":{"name":"(anonymous_0)","decl":{"start":{"line":37,"column":2},"end":{"line":37,"column":null}},"loc":{"start":{"line":37,"column":2},"end":{"line":41,"column":3}}},"1":{"name":"(anonymous_1)","decl":{"start":{"line":43,"column":2},"end":{"line":43,"column":10}},"loc":{"start":{"line":43,"column":10},"end":{"line":45,"column":3}}},"2":{"name":"(anonymous_2)","decl":{"start":{"line":47,"column":9},"end":{"line":47,"column":13}},"loc":{"start":{"line":47,"column":13},"end":{"line":49,"column":3}}},"3":{"name":"(anonymous_3)","decl":{"start":{"line":51,"column":9},"end":{"line":51,"column":15}},"loc":{"start":{"line":51,"column":15},"end":{"line":59,"column":3}}},"4":{"name":"(anonymous_4)","decl":{"start":{"line":55,"column":17},"end":{"line":55,"column":18}},"loc":{"start":{"line":55,"column":29},"end":{"line":58,"column":7}}},"5":{"name":"(anonymous_5)","decl":{"start":{"line":61,"column":9},"end":{"line":61,"column":20}},"loc":{"start":{"line":61,"column":20},"end":{"line":66,"column":3}}},"6":{"name":"(anonymous_6)","decl":{"start":{"line":65,"column":17},"end":{"line":65,"column":18}},"loc":{"start":{"line":65,"column":30},"end":{"line":65,"column":49}}},"7":{"name":"(anonymous_7)","decl":{"start":{"line":68,"column":9},"end":{"line":68,"column":22}},"loc":{"start":{"line":68,"column":22},"end":{"line":73,"column":3}}},"8":{"name":"(anonymous_8)","decl":{"start":{"line":72,"column":17},"end":{"line":72,"column":18}},"loc":{"start":{"line":72,"column":30},"end":{"line":72,"column":49}}},"9":{"name":"(anonymous_9)","decl":{"start":{"line":75,"column":10},"end":{"line":75,"column":22}},"loc":{"start":{"line":75,"column":22},"end":{"line":89,"column":3}}},"10":{"name":"(anonymous_10)","decl":{"start":{"line":79,"column":17},"end":{"line":79,"column":18}},"loc":{"start":{"line":79,"column":38},"end":{"line":88,"column":7}}},"11":{"name":"(anonymous_11)","decl":{"start":{"line":82,"column":10},"end":{"line":82,"column":11}},"loc":{"start":{"line":82,"column":17},"end":{"line":82,"column":65}}},"12":{"name":"(anonymous_12)","decl":{"start":{"line":87,"column":21},"end":{"line":87,"column":22}},"loc":{"start":{"line":87,"column":44},"end":{"line":87,"column":66}}}},"branchMap":{},"s":{"0":2,"1":2,"2":2,"3":2,"4":2,"5":2,"6":2,"7":2,"8":2,"9":2,"10":12,"11":12,"12":12,"13":12,"14":12,"15":12,"16":12,"17":12,"18":12,"19":12,"20":12,"21":12,"22":12,"23":12,"24":1,"25":2,"26":2,"27":2,"28":2,"29":2,"30":2,"31":2,"32":16,"33":16,"34":16,"35":16,"36":16,"37":16,"38":2,"39":2},"f":{"0":12,"1":12,"2":1,"3":2,"4":2,"5":2,"6":2,"7":2,"8":2,"9":16,"10":16,"11":16,"12":16},"b":{}}
,"C:\\Faten\\Dev\\Formation\\Projet 4\\project4-exercises\\front\\src\\app\\pages\\sessions\\components\\form\\form.component.html": {"path":"C:\\Faten\\Dev\\Formation\\Projet 4\\project4-exercises\\front\\src\\app\\pages\\sessions\\components\\form\\form.component.html","statementMap":{"0":{"start":{"line":1,"column":0},"end":{"line":1,"column":2282}}},"fnMap":{},"branchMap":{},"s":{"0":2},"f":{},"b":{},"_coverageSchema":"1a1c01bbd47fc00a2c39e90264f33305004495a9","hash":"6e0fc90658546c3fdb0423edfe592ec98edcade7"}
,"C:\\Faten\\Dev\\Formation\\Projet 4\\project4-exercises\\front\\src\\app\\pages\\sessions\\components\\form\\form.component.ts": {"path":"C:\\Faten\\Dev\\Formation\\Projet 4\\project4-exercises\\front\\src\\app\\pages\\sessions\\components\\form\\form.component.ts","statementMap":{"0":{"start":{"line":1,"column":0},"end":{"line":1,"column":70}},"1":{"start":{"line":2,"column":0},"end":{"line":2,"column":68}},"2":{"start":{"line":3,"column":0},"end":{"line":3,"column":58}},"3":{"start":{"line":4,"column":0},"end":{"line":4,"column":57}},"4":{"start":{"line":5,"column":0},"end":{"line":5,"column":74}},"5":{"start":{"line":6,"column":0},"end":{"line":6,"column":74}},"6":{"start":{"line":8,"column":0},"end":{"line":8,"column":81}},"7":{"start":{"line":9,"column":0},"end":{"line":9,"column":68}},"8":{"start":{"line":10,"column":0},"end":{"line":10,"column":47}},"9":{"start":{"line":11,"column":0},"end":{"line":11,"column":64}},"10":{"start":{"line":19,"column":7},"end":{"line":86,"column":null}},"11":{"start":{"line":20,"column":10},"end":{"line":20,"column":41}},"12":{"start":{"line":21,"column":10},"end":{"line":21,"column":35}},"13":{"start":{"line":22,"column":10},"end":{"line":22,"column":44}},"14":{"start":{"line":23,"column":10},"end":{"line":23,"column":56}},"15":{"start":{"line":24,"column":10},"end":{"line":24,"column":50}},"16":{"start":{"line":25,"column":10},"end":{"line":25,"column":50}},"17":{"start":{"line":26,"column":10},"end":{"line":26,"column":34}},"18":{"start":{"line":27,"column":10},"end":{"line":27,"column":42}},"19":{"start":{"line":29,"column":9},"end":{"line":29,"column":35}},"20":{"start":{"line":31,"column":9},"end":{"line":31,"column":47}},"21":{"start":{"line":35,"column":4},"end":{"line":37,"column":5}},"22":{"start":{"line":36,"column":6},"end":{"line":36,"column":42}},"23":{"start":{"line":38,"column":16},"end":{"line":38,"column":31}},"24":{"start":{"line":39,"column":4},"end":{"line":48,"column":5}},"25":{"start":{"line":40,"column":6},"end":{"line":40,"column":27}},"26":{"start":{"line":41,"column":6},"end":{"line":41,"column":56}},"27":{"start":{"line":42,"column":6},"end":{"line":45,"column":65}},"28":{"start":{"line":45,"column":41},"end":{"line":45,"column":63}},"29":{"start":{"line":47,"column":6},"end":{"line":47,"column":22}},"30":{"start":{"line":52,"column":20},"end":{"line":52,"column":54}},"31":{"start":{"line":54,"column":4},"end":{"line":64,"column":5}},"32":{"start":{"line":55,"column":6},"end":{"line":58,"column":71}},"33":{"start":{"line":58,"column":35},"end":{"line":58,"column":69}},"34":{"start":{"line":60,"column":6},"end":{"line":63,"column":71}},"35":{"start":{"line":63,"column":35},"end":{"line":63,"column":69}},"36":{"start":{"line":68,"column":4},"end":{"line":79,"column":7}},"37":{"start":{"line":83,"column":4},"end":{"line":83,"column":64}},"38":{"start":{"line":84,"column":4},"end":{"line":84,"column":39}},"39":{"start":{"line":19,"column":13},"end":{"line":19,"column":26}},"40":{"start":{"line":19,"column":13},"end":{"line":86,"column":null}}},"fnMap":{"0":{"name":"(anonymous_0)","decl":{"start":{"line":19,"column":7},"end":{"line":19,"column":13}},"loc":{"start":{"line":19,"column":7},"end":{"line":86,"column":1}}},"1":{"name":"(anonymous_1)","decl":{"start":{"line":34,"column":2},"end":{"line":34,"column":10}},"loc":{"start":{"line":34,"column":10},"end":{"line":49,"column":3}}},"2":{"name":"(anonymous_2)","decl":{"start":{"line":45,"column":19},"end":{"line":45,"column":20}},"loc":{"start":{"line":45,"column":41},"end":{"line":45,"column":63}}},"3":{"name":"(anonymous_3)","decl":{"start":{"line":51,"column":9},"end":{"line":51,"column":15}},"loc":{"start":{"line":51,"column":15},"end":{"line":65,"column":3}}},"4":{"name":"(anonymous_4)","decl":{"start":{"line":58,"column":19},"end":{"line":58,"column":20}},"loc":{"start":{"line":58,"column":35},"end":{"line":58,"column":69}}},"5":{"name":"(anonymous_5)","decl":{"start":{"line":63,"column":19},"end":{"line":63,"column":20}},"loc":{"start":{"line":63,"column":35},"end":{"line":63,"column":69}}},"6":{"name":"(anonymous_6)","decl":{"start":{"line":67,"column":10},"end":{"line":67,"column":18}},"loc":{"start":{"line":67,"column":36},"end":{"line":80,"column":3}}},"7":{"name":"(anonymous_7)","decl":{"start":{"line":82,"column":10},"end":{"line":82,"column":18}},"loc":{"start":{"line":82,"column":34},"end":{"line":85,"column":3}}}},"branchMap":{"0":{"loc":{"start":{"line":35,"column":4},"end":{"line":37,"column":5}},"type":"if","locations":[{"start":{"line":35,"column":4},"end":{"line":37,"column":5}}]},"1":{"loc":{"start":{"line":39,"column":4},"end":{"line":48,"column":5}},"type":"if","locations":[{"start":{"line":39,"column":4},"end":{"line":48,"column":5}},{"start":{"line":46,"column":11},"end":{"line":48,"column":5}}]},"2":{"loc":{"start":{"line":54,"column":4},"end":{"line":64,"column":5}},"type":"if","locations":[{"start":{"line":54,"column":4},"end":{"line":64,"column":5}},{"start":{"line":59,"column":11},"end":{"line":64,"column":5}}]},"3":{"loc":{"start":{"line":69,"column":13},"end":{"line":69,"column":40}},"type":"cond-expr","locations":[{"start":{"line":69,"column":23},"end":{"line":69,"column":35}},{"start":{"line":69,"column":38},"end":{"line":69,"column":40}}]},"4":{"loc":{"start":{"line":71,"column":8},"end":{"line":71,"column":73}},"type":"cond-expr","locations":[{"start":{"line":71,"column":18},"end":{"line":71,"column":68}},{"start":{"line":71,"column":71},"end":{"line":71,"column":73}}]},"5":{"loc":{"start":{"line":74,"column":19},"end":{"line":74,"column":52}},"type":"cond-expr","locations":[{"start":{"line":74,"column":29},"end":{"line":74,"column":47}},{"start":{"line":74,"column":50},"end":{"line":74,"column":52}}]},"6":{"loc":{"start":{"line":76,"column":8},"end":{"line":76,"column":42}},"type":"cond-expr","locations":[{"start":{"line":76,"column":18},"end":{"line":76,"column":37}},{"start":{"line":76,"column":40},"end":{"line":76,"column":42}}]}},"s":{"0":2,"1":2,"2":2,"3":2,"4":2,"5":2,"6":2,"7":2,"8":2,"9":2,"10":2,"11":9,"12":9,"13":9,"14":9,"15":9,"16":9,"17":9,"18":9,"19":9,"20":9,"21":13,"22":1,"23":13,"24":13,"25":3,"26":3,"27":3,"28":3,"29":10,"30":4,"31":4,"32":2,"33":2,"34":2,"35":2,"36":13,"37":4,"38":4,"39":2,"40":2},"f":{"0":9,"1":13,"2":3,"3":4,"4":2,"5":2,"6":13,"7":4},"b":{"0":[1],"1":[3,10],"2":[2,2],"3":[3,10],"4":[3,10],"5":[3,10],"6":[3,10]}}
,"C:\\Faten\\Dev\\Formation\\Projet 4\\project4-exercises\\front\\src\\app\\pages\\sessions\\components\\list\\list.component.html": {"path":"C:\\Faten\\Dev\\Formation\\Projet 4\\project4-exercises\\front\\src\\app\\pages\\sessions\\components\\list\\list.component.html","statementMap":{"0":{"start":{"line":1,"column":0},"end":{"line":1,"column":2104}}},"fnMap":{},"branchMap":{},"s":{"0":2},"f":{},"b":{},"_coverageSchema":"1a1c01bbd47fc00a2c39e90264f33305004495a9","hash":"036e853d10ae59b68e1083c405a813484bf40f23"}
,"C:\\Faten\\Dev\\Formation\\Projet 4\\project4-exercises\\front\\src\\app\\pages\\sessions\\components\\list\\list.component.ts": {"path":"C:\\Faten\\Dev\\Formation\\Projet 4\\project4-exercises\\front\\src\\app\\pages\\sessions\\components\\list\\list.component.ts","statementMap":{"0":{"start":{"line":1,"column":0},"end":{"line":1,"column":50}},"1":{"start":{"line":4,"column":0},"end":{"line":4,"column":74}},"2":{"start":{"line":6,"column":0},"end":{"line":6,"column":81}},"3":{"start":{"line":7,"column":0},"end":{"line":7,"column":68}},"4":{"start":{"line":8,"column":0},"end":{"line":8,"column":47}},"5":{"start":{"line":9,"column":0},"end":{"line":9,"column":47}},"6":{"start":{"line":17,"column":7},"end":{"line":26,"column":null}},"7":{"start":{"line":18,"column":10},"end":{"line":18,"column":56}},"8":{"start":{"line":19,"column":10},"end":{"line":19,"column":50}},"9":{"start":{"line":21,"column":9},"end":{"line":21,"column":73}},"10":{"start":{"line":24,"column":4},"end":{"line":24,"column":50}},"11":{"start":{"line":17,"column":13},"end":{"line":17,"column":26}},"12":{"start":{"line":17,"column":13},"end":{"line":26,"column":null}}},"fnMap":{"0":{"name":"(anonymous_0)","decl":{"start":{"line":17,"column":7},"end":{"line":17,"column":13}},"loc":{"start":{"line":17,"column":7},"end":{"line":26,"column":1}}},"1":{"name":"(anonymous_1)","decl":{"start":{"line":23,"column":2},"end":{"line":23,"column":6}},"loc":{"start":{"line":23,"column":10},"end":{"line":25,"column":3}}}},"branchMap":{},"s":{"0":2,"1":2,"2":2,"3":2,"4":2,"5":2,"6":2,"7":6,"8":6,"9":6,"10":36,"11":2,"12":2},"f":{"0":6,"1":36},"b":{}}
,"C:\\Faten\\Dev\\Formation\\Projet 4\\project4-exercises\\front\\src\\app\\shared\\material.module.ts": {"path":"C:\\Faten\\Dev\\Formation\\Projet 4\\project4-exercises\\front\\src\\app\\shared\\material.module.ts","statementMap":{"0":{"start":{"line":1,"column":0},"end":{"line":1,"column":41}},"1":{"start":{"line":2,"column":0},"end":{"line":2,"column":53}},"2":{"start":{"line":3,"column":0},"end":{"line":3,"column":50}},"3":{"start":{"line":4,"column":0},"end":{"line":4,"column":51}},"4":{"start":{"line":5,"column":0},"end":{"line":5,"column":71}},"5":{"start":{"line":6,"column":0},"end":{"line":6,"column":59}},"6":{"start":{"line":7,"column":0},"end":{"line":7,"column":72}},"7":{"start":{"line":8,"column":0},"end":{"line":8,"column":55}},"8":{"start":{"line":9,"column":0},"end":{"line":9,"column":63}},"9":{"start":{"line":10,"column":0},"end":{"line":10,"column":57}},"10":{"start":{"line":11,"column":0},"end":{"line":11,"column":57}},"11":{"start":{"line":12,"column":0},"end":{"line":12,"column":61}},"12":{"start":{"line":13,"column":0},"end":{"line":13,"column":65}},"13":{"start":{"line":14,"column":0},"end":{"line":14,"column":66}},"14":{"start":{"line":15,"column":0},"end":{"line":15,"column":55}},"15":{"start":{"line":16,"column":0},"end":{"line":16,"column":57}},"16":{"start":{"line":17,"column":0},"end":{"line":17,"column":55}},"17":{"start":{"line":18,"column":0},"end":{"line":18,"column":55}},"18":{"start":{"line":19,"column":0},"end":{"line":19,"column":65}},"19":{"start":{"line":20,"column":0},"end":{"line":20,"column":78}},"20":{"start":{"line":21,"column":0},"end":{"line":21,"column":59}},"21":{"start":{"line":22,"column":0},"end":{"line":22,"column":61}},"22":{"start":{"line":23,"column":0},"end":{"line":23,"column":64}},"23":{"start":{"line":24,"column":0},"end":{"line":24,"column":55}},"24":{"start":{"line":25,"column":0},"end":{"line":25,"column":57}},"25":{"start":{"line":26,"column":0},"end":{"line":26,"column":55}},"26":{"start":{"line":27,"column":0},"end":{"line":27,"column":61}},"27":{"start":{"line":28,"column":0},"end":{"line":28,"column":55}},"28":{"start":{"line":29,"column":0},"end":{"line":29,"column":53}},"29":{"start":{"line":32,"column":24},"end":{"line":61,"column":2}},"30":{"start":{"line":71,"column":7},"end":{"line":71,"column":null}},"31":{"start":{"line":71,"column":13},"end":{"line":71,"column":27}},"32":{"start":{"line":71,"column":13},"end":{"line":71,"column":null}}},"fnMap":{},"branchMap":{},"s":{"0":13,"1":13,"2":13,"3":13,"4":13,"5":13,"6":13,"7":13,"8":13,"9":13,"10":13,"11":13,"12":13,"13":13,"14":13,"15":13,"16":13,"17":13,"18":13,"19":13,"20":13,"21":13,"22":13,"23":13,"24":13,"25":13,"26":13,"27":13,"28":13,"29":13,"30":13,"31":13,"32":13},"f":{},"b":{}}
}
