TN:
SF:src\app\app.component.html
FNF:0
FNH:0
DA:1,1
LF:1
LH:1
BRF:0
BRH:0
end_of_record
TN:
SF:src\app\app.component.ts
FN:15,(anonymous_0)
FN:20,(anonymous_1)
FN:24,(anonymous_2)
FNF:3
FNH:1
FNDA:1,(anonymous_0)
FNDA:0,(anonymous_1)
FNDA:0,(anonymous_2)
DA:1,1
DA:2,1
DA:4,1
DA:5,1
DA:6,1
DA:7,1
DA:15,1
DA:16,1
DA:17,1
DA:18,1
DA:21,0
DA:25,0
DA:26,0
LF:13
LH:10
BRF:0
BRH:0
end_of_record
TN:
SF:src\app\components\me\me.component.html
FNF:0
FNH:0
DA:1,2
LF:1
LH:1
BRF:0
BRH:0
end_of_record
TN:
SF:src\app\components\me\me.component.ts
FN:17,(anonymous_0)
FN:25,(anonymous_1)
FN:29,(anonymous_2)
FN:32,(anonymous_3)
FN:36,(anonymous_4)
FN:40,(anonymous_5)
FNF:6
FNH:6
FNDA:6,(anonymous_0)
FNDA:7,(anonymous_1)
FNDA:7,(anonymous_2)
FNDA:1,(anonymous_3)
FNDA:2,(anonymous_4)
FNDA:2,(anonymous_5)
DA:1,2
DA:2,2
DA:3,2
DA:5,2
DA:6,2
DA:7,2
DA:8,2
DA:9,2
DA:17,2
DA:18,6
DA:19,6
DA:20,6
DA:21,6
DA:23,6
DA:26,7
DA:29,7
DA:33,1
DA:37,2
DA:41,2
DA:44,2
DA:45,2
LF:21
LH:21
BRF:0
BRH:0
end_of_record
TN:
SF:src\app\core\service\auth.service.ts
FN:15,(anonymous_0)
FN:17,(anonymous_1)
FN:21,(anonymous_2)
FNF:3
FNH:3
FNDA:8,(anonymous_0)
FNDA:3,(anonymous_1)
FNDA:3,(anonymous_2)
DA:1,6
DA:2,6
DA:11,6
DA:13,8
DA:15,8
DA:18,3
DA:22,3
LF:7
LH:7
BRF:0
BRH:0
end_of_record
TN:
SF:src\app\core\service\session-api.service.ts
FN:12,(anonymous_0)
FN:14,(anonymous_1)
FN:18,(anonymous_2)
FN:22,(anonymous_3)
FN:26,(anonymous_4)
FN:30,(anonymous_5)
FN:34,(anonymous_6)
FN:41,(anonymous_7)
FNF:8
FNH:8
FNDA:18,(anonymous_0)
FNDA:3,(anonymous_1)
FNDA:9,(anonymous_2)
FNDA:2,(anonymous_3)
FNDA:2,(anonymous_4)
FNDA:2,(anonymous_5)
FNDA:2,(anonymous_6)
FNDA:2,(anonymous_7)
DA:1,7
DA:2,7
DA:9,7
DA:10,18
DA:12,18
DA:15,3
DA:19,9
DA:23,2
DA:27,2
DA:31,2
DA:35,2
DA:42,2
LF:12
LH:12
BRF:0
BRH:0
end_of_record
TN:
SF:src\app\core\service\session.service.ts
FN:8,(anonymous_0)
FN:15,(anonymous_1)
FN:19,(anonymous_2)
FN:25,(anonymous_3)
FN:31,(anonymous_4)
FNF:5
FNH:5
FNDA:31,(anonymous_0)
FNDA:1,(anonymous_1)
FNDA:25,(anonymous_2)
FNDA:8,(anonymous_3)
FNDA:33,(anonymous_4)
DA:1,18
DA:2,18
DA:8,18
DA:10,31
DA:13,31
DA:16,1
DA:20,25
DA:21,25
DA:22,25
DA:26,8
DA:27,8
DA:28,8
DA:32,33
LF:13
LH:13
BRF:0
BRH:0
end_of_record
TN:
SF:src\app\core\service\teacher.service.ts
FN:13,(anonymous_0)
FN:15,(anonymous_1)
FN:19,(anonymous_2)
FNF:3
FNH:3
FNDA:11,(anonymous_0)
FNDA:4,(anonymous_1)
FNDA:8,(anonymous_2)
DA:1,5
DA:2,5
DA:9,5
DA:11,11
DA:13,11
DA:16,4
DA:20,8
LF:7
LH:7
BRF:0
BRH:0
end_of_record
TN:
SF:src\app\core\service\user.service.ts
FN:12,(anonymous_0)
FN:14,(anonymous_1)
FN:18,(anonymous_2)
FNF:3
FNH:3
FNDA:5,(anonymous_0)
FNDA:3,(anonymous_1)
FNDA:2,(anonymous_2)
DA:1,3
DA:2,3
DA:9,3
DA:10,5
DA:12,5
DA:15,3
DA:19,2
LF:7
LH:7
BRF:0
BRH:0
end_of_record
TN:
SF:src\app\guards\auth.guard.ts
FN:8,(anonymous_0)
FN:14,(anonymous_1)
FNF:2
FNH:2
FNDA:6,(anonymous_0)
FNDA:6,(anonymous_1)
DA:1,2
DA:2,2
DA:3,2
DA:6,2
DA:9,6
DA:10,6
DA:15,6
DA:16,3
DA:17,3
DA:19,3
LF:10
LH:10
BRDA:15,0,0,3
BRF:1
BRH:1
end_of_record
TN:
SF:src\app\guards\unauth.guard.ts
FN:8,(anonymous_0)
FN:14,(anonymous_1)
FNF:2
FNH:2
FNDA:7,(anonymous_0)
FNDA:8,(anonymous_1)
DA:1,2
DA:2,2
DA:3,2
DA:6,2
DA:9,7
DA:10,7
DA:15,8
DA:16,3
DA:17,3
DA:19,5
LF:10
LH:10
BRDA:15,0,0,3
BRF:1
BRH:1
end_of_record
TN:
SF:src\app\interceptors\customJwtInterceptorFn.ts
FN:6,customJwtInterceptorFn
FNF:1
FNH:1
FNDA:6,customJwtInterceptorFn
DA:3,2
DA:4,2
DA:6,2
DA:7,6
DA:8,6
DA:9,3
DA:15,6
LF:7
LH:7
BRDA:8,0,0,3
BRF:1
BRH:1
end_of_record
TN:
SF:src\app\pages\login\login.component.html
FNF:0
FNH:0
DA:1,2
LF:1
LH:1
BRF:0
BRH:0
end_of_record
TN:
SF:src\app\pages\login\login.component.ts
FN:18,(anonymous_0)
FN:33,(anonymous_1)
FN:39,(anonymous_2)
FN:43,(anonymous_3)
FNF:4
FNH:4
FNDA:6,(anonymous_0)
FNDA:4,(anonymous_1)
FNDA:2,(anonymous_2)
FNDA:2,(anonymous_3)
DA:1,2
DA:2,2
DA:3,2
DA:5,2
DA:7,2
DA:8,2
DA:9,2
DA:10,2
DA:18,2
DA:19,6
DA:20,6
DA:21,6
DA:22,6
DA:23,6
DA:25,6
DA:26,6
DA:28,6
DA:34,4
DA:35,4
DA:40,2
DA:41,2
DA:43,2
LF:22
LH:22
BRF:0
BRH:0
end_of_record
TN:
SF:src\app\pages\not-found\not-found.component.html
FNF:0
FNH:0
DA:1,1
LF:1
LH:1
BRF:0
BRH:0
end_of_record
TN:
SF:src\app\pages\not-found\not-found.component.ts
FNF:0
FNH:0
DA:1,1
DA:8,1
LF:2
LH:2
BRF:0
BRH:0
end_of_record
TN:
SF:src\app\pages\register\register.component.html
FNF:0
FNH:0
DA:1,2
LF:1
LH:1
BRF:0
BRH:0
end_of_record
TN:
SF:src\app\pages\register\register.component.ts
FN:15,(anonymous_0)
FN:38,(anonymous_1)
FN:44,(anonymous_2)
FN:45,(anonymous_3)
FNF:4
FNH:4
FNDA:6,(anonymous_0)
FNDA:4,(anonymous_1)
FNDA:2,(anonymous_2)
FNDA:2,(anonymous_3)
DA:1,2
DA:2,2
DA:3,2
DA:4,2
DA:6,2
DA:7,2
DA:8,2
DA:15,2
DA:16,6
DA:17,6
DA:18,6
DA:19,6
DA:20,6
DA:22,6
DA:39,4
DA:40,4
DA:44,2
DA:45,2
LF:18
LH:18
BRF:0
BRH:0
end_of_record
TN:
SF:src\app\pages\sessions\components\detail\detail.component.html
FNF:0
FNH:0
DA:1,2
LF:1
LH:1
BRF:0
BRH:0
end_of_record
TN:
SF:src\app\pages\sessions\components\detail\detail.component.ts
FN:37,(anonymous_0)
FN:43,(anonymous_1)
FN:47,(anonymous_2)
FN:51,(anonymous_3)
FN:55,(anonymous_4)
FN:61,(anonymous_5)
FN:65,(anonymous_6)
FN:68,(anonymous_7)
FN:72,(anonymous_8)
FN:75,(anonymous_9)
FN:79,(anonymous_10)
FN:82,(anonymous_11)
FN:87,(anonymous_12)
FNF:13
FNH:13
FNDA:12,(anonymous_0)
FNDA:12,(anonymous_1)
FNDA:1,(anonymous_2)
FNDA:2,(anonymous_3)
FNDA:2,(anonymous_4)
FNDA:2,(anonymous_5)
FNDA:2,(anonymous_6)
FNDA:2,(anonymous_7)
FNDA:2,(anonymous_8)
FNDA:16,(anonymous_9)
FNDA:16,(anonymous_10)
FNDA:16,(anonymous_11)
FNDA:16,(anonymous_12)
DA:1,2
DA:2,2
DA:3,2
DA:4,2
DA:6,2
DA:7,2
DA:9,2
DA:10,2
DA:11,2
DA:12,2
DA:20,2
DA:23,12
DA:24,12
DA:27,12
DA:29,12
DA:30,12
DA:31,12
DA:32,12
DA:33,12
DA:34,12
DA:35,12
DA:38,12
DA:39,12
DA:40,12
DA:44,12
DA:48,1
DA:52,2
DA:56,2
DA:57,2
DA:62,2
DA:65,2
DA:69,2
DA:72,2
DA:76,16
DA:80,16
DA:81,16
DA:82,16
DA:84,16
DA:87,16
LF:39
LH:39
BRF:0
BRH:0
end_of_record
TN:
SF:src\app\pages\sessions\components\form\form.component.html
FNF:0
FNH:0
DA:1,2
LF:1
LH:1
BRF:0
BRH:0
end_of_record
TN:
SF:src\app\pages\sessions\components\form\form.component.ts
FN:19,(anonymous_0)
FN:34,(anonymous_1)
FN:45,(anonymous_2)
FN:51,(anonymous_3)
FN:58,(anonymous_4)
FN:63,(anonymous_5)
FN:67,(anonymous_6)
FN:82,(anonymous_7)
FNF:8
FNH:8
FNDA:9,(anonymous_0)
FNDA:13,(anonymous_1)
FNDA:3,(anonymous_2)
FNDA:4,(anonymous_3)
FNDA:2,(anonymous_4)
FNDA:2,(anonymous_5)
FNDA:13,(anonymous_6)
FNDA:4,(anonymous_7)
DA:1,2
DA:2,2
DA:3,2
DA:4,2
DA:5,2
DA:6,2
DA:8,2
DA:9,2
DA:10,2
DA:11,2
DA:19,2
DA:20,9
DA:21,9
DA:22,9
DA:23,9
DA:24,9
DA:25,9
DA:26,9
DA:27,9
DA:29,9
DA:31,9
DA:35,13
DA:36,1
DA:38,13
DA:39,13
DA:40,3
DA:41,3
DA:42,3
DA:45,3
DA:47,10
DA:52,4
DA:54,4
DA:55,2
DA:58,2
DA:60,2
DA:63,2
DA:68,13
DA:83,4
DA:84,4
LF:39
LH:39
BRDA:35,0,0,1
BRDA:39,1,0,3
BRDA:39,1,1,10
BRDA:54,2,0,2
BRDA:54,2,1,2
BRDA:69,3,0,3
BRDA:69,3,1,10
BRDA:71,4,0,3
BRDA:71,4,1,10
BRDA:74,5,0,3
BRDA:74,5,1,10
BRDA:76,6,0,3
BRDA:76,6,1,10
BRF:13
BRH:13
end_of_record
TN:
SF:src\app\pages\sessions\components\list\list.component.html
FNF:0
FNH:0
DA:1,2
LF:1
LH:1
BRF:0
BRH:0
end_of_record
TN:
SF:src\app\pages\sessions\components\list\list.component.ts
FN:17,(anonymous_0)
FN:23,(anonymous_1)
FNF:2
FNH:2
FNDA:6,(anonymous_0)
FNDA:36,(anonymous_1)
DA:1,2
DA:4,2
DA:6,2
DA:7,2
DA:8,2
DA:9,2
DA:17,2
DA:18,6
DA:19,6
DA:21,6
DA:24,36
LF:11
LH:11
BRF:0
BRH:0
end_of_record
TN:
SF:src\app\shared\material.module.ts
FNF:0
FNH:0
DA:1,13
DA:2,13
DA:3,13
DA:4,13
DA:5,13
DA:6,13
DA:7,13
DA:8,13
DA:9,13
DA:10,13
DA:11,13
DA:12,13
DA:13,13
DA:14,13
DA:15,13
DA:16,13
DA:17,13
DA:18,13
DA:19,13
DA:20,13
DA:21,13
DA:22,13
DA:23,13
DA:24,13
DA:25,13
DA:26,13
DA:27,13
DA:28,13
DA:29,13
DA:32,13
DA:71,13
LF:31
LH:31
BRF:0
BRH:0
end_of_record
